<?xml version="1.0" encoding="UTF-8"?>
<!-- Generated by org.testng.reporters.JUnitXMLReporter -->
<testsuite ignored="0" hostname="DESKTOP-RDIF8I4" failures="0" tests="3" name="testName" time="33.801" errors="0" timestamp="2022-04-26T16:07:14 EET">
  <testcase classname="com.ebanking.testCases.TC_AddCutomerTest_003" name="addNewCutomer" time="10.885"/>
  <testcase classname="com.ebanking.testCases.TC_AddCutomerTest_003" name="editCustomer" time="7.231"/>
  <testcase classname="com.ebanking.testCases.TC_AddCutomerTest_003" name="addNewAccount" time="7.385"/>
</testsuite> <!-- testName -->
