<?xml version="1.0" encoding="UTF-8"?>
<!-- Generated by org.testng.reporters.JUnitXMLReporter -->
<testsuite ignored="0" hostname="DESKTOP-RDIF8I4" failures="1" tests="1" name="testName" time="17.409" errors="0" timestamp="2022-04-24T14:19:30 EET">
  <testcase classname="com.demo.testCases.TC_LoginTest_001" name="LoginTest" time="6.831">
    <failure type="java.lang.AssertionError" message="expected [true] but found [false]">
      <![CDATA[java.lang.AssertionError: expected [true] but found [false]
at com.demo.testCases.TC_LoginTest_001.LoginTest(TC_LoginTest_001.java:43)
at java.base/java.util.ArrayList.forEach(ArrayList.java:1511)
... Removed 31 stack frames]]>
    </failure>
  </testcase> <!-- LoginTest -->
</testsuite> <!-- testName -->
