<?xml version="1.0" encoding="UTF-8"?>
<testng-results ignored="0" total="1" passed="1" failed="0" skipped="0">
  <reporter-output>
  </reporter-output>
  <suite started-at="2022-04-30T17:04:32 EET" name="All Test Suite" finished-at="2022-04-30T17:04:42 EET" duration-ms="10046">
    <groups>
    </groups>
    <test started-at="2022-04-30T17:04:32 EET" name="testName" finished-at="2022-04-30T17:04:42 EET" duration-ms="10046">
      <class name="com.ebanking.testCases.TC_LoginTest_001">
        <test-method is-config="true" signature="setup(java.lang.String)[pri:0, instance:com.ebanking.testCases.TC_LoginTest_001@16d04d3d]" started-at="2022-04-30T17:04:32 EET" name="setup" finished-at="2022-04-30T17:04:38 EET" duration-ms="6292" status="PASS">
          <params>
            <param index="0">
              <value>
                <![CDATA[chrome]]>
              </value>
            </param>
          </params>
          <reporter-output>
          </reporter-output>
        </test-method> <!-- setup -->
        <test-method signature="LoginTest()[pri:0, instance:com.ebanking.testCases.TC_LoginTest_001@16d04d3d]" started-at="2022-04-30T17:04:38 EET" name="LoginTest" finished-at="2022-04-30T17:04:41 EET" duration-ms="2563" status="PASS">
          <reporter-output>
          </reporter-output>
        </test-method> <!-- LoginTest -->
        <test-method is-config="true" signature="tearDown()[pri:0, instance:com.ebanking.testCases.TC_LoginTest_001@16d04d3d]" started-at="2022-04-30T17:04:41 EET" name="tearDown" finished-at="2022-04-30T17:04:42 EET" duration-ms="740" status="PASS">
          <reporter-output>
          </reporter-output>
        </test-method> <!-- tearDown -->
      </class> <!-- com.ebanking.testCases.TC_LoginTest_001 -->
    </test> <!-- testName -->
  </suite> <!-- All Test Suite -->
</testng-results>
