<?xml version="1.0" encoding="UTF-8"?>
<testng-results ignored="0" total="1" passed="1" failed="0" skipped="0">
  <reporter-output>
  </reporter-output>
  <suite started-at="2022-04-25T22:37:27 EET" name="All Test Suite" finished-at="2022-04-25T22:38:02 EET" duration-ms="35139">
    <groups>
    </groups>
    <test started-at="2022-04-25T22:37:27 EET" name="testName" finished-at="2022-04-25T22:38:02 EET" duration-ms="35139">
      <class name="com.ebanking.testCases.TC_AddCutomerTest_003">
        <test-method is-config="true" signature="setup(java.lang.String)[pri:0, instance:com.ebanking.testCases.TC_AddCutomerTest_003@272113c4]" started-at="2022-04-25T22:37:28 EET" name="setup" finished-at="2022-04-25T22:37:40 EET" duration-ms="11828" status="PASS">
          <params>
            <param index="0">
              <value>
                <![CDATA[chrome]]>
              </value>
            </param>
          </params>
          <reporter-output>
          </reporter-output>
        </test-method> <!-- setup -->
        <test-method signature="addNewCutomer()[pri:0, instance:com.ebanking.testCases.TC_AddCutomerTest_003@272113c4]" started-at="2022-04-25T22:37:40 EET" name="addNewCutomer" finished-at="2022-04-25T22:38:01 EET" duration-ms="21660" status="PASS">
          <reporter-output>
          </reporter-output>
        </test-method> <!-- addNewCutomer -->
        <test-method is-config="true" signature="tearDown()[pri:0, instance:com.ebanking.testCases.TC_AddCutomerTest_003@272113c4]" started-at="2022-04-25T22:38:01 EET" name="tearDown" finished-at="2022-04-25T22:38:02 EET" duration-ms="848" status="PASS">
          <reporter-output>
          </reporter-output>
        </test-method> <!-- tearDown -->
      </class> <!-- com.ebanking.testCases.TC_AddCutomerTest_003 -->
    </test> <!-- testName -->
  </suite> <!-- All Test Suite -->
</testng-results>
